<?xml version="1.0" encoding="UTF-8"?>
<!-- Generated by org.testng.reporters.JUnitXMLReporter -->
<testsuite ignored="0" hostname="NEU-LDSNR04" failures="1" tests="1" name="Test3" time="27.387" errors="0" timestamp="2022-06-23T22:16:09 IST">
  <testcase classname="com.auros.basic.VerifySearchByACIDTest" name="VerifySearchByACID" time="22.453">
    <failure type="java.lang.AssertionError" message="The searched AC is not exist. Throwing a message expected [true] but found [false]">
      <![CDATA[java.lang.AssertionError: The searched AC is not exist. Throwing a message expected [true] but found [false]
at com.auros.basic.VerifySearchByACIDTest.VerifySearchByACID(VerifySearchByACIDTest.java:51)
at java.base/java.util.ArrayList.forEach(ArrayList.java:1541)
at java.base/java.util.concurrent.FutureTask.run(FutureTask.java:264)
at java.base/java.util.concurrent.ThreadPoolExecutor.runWorker(ThreadPoolExecutor.java:1128)
at java.base/java.util.concurrent.ThreadPoolExecutor$Worker.run(ThreadPoolExecutor.java:628)
at java.base/java.lang.Thread.run(Thread.java:834)
... Removed 21 stack frames]]>
    </failure>
  </testcase> <!-- VerifySearchByACID -->
</testsuite> <!-- Test3 -->
