<?xml version="1.0" encoding="UTF-8"?>
<testsuite xmlns:xsi="http://www.w3.org/2001/XMLSchema-instance" xsi:noNamespaceSchemaLocation="https://maven.apache.org/surefire/maven-surefire-plugin/xsd/surefire-test-report.xsd" name="TestSuite" time="69.068" tests="5" errors="0" skipped="0" failures="3">
  <properties>
[...]
</properties>
  <testcase name="verifyLoggedInUserInHomePage" classname="com.auros.basic.VerifyLoggedInUserInHomePageTest" time="12.199"/>
  <testcase name="VerifySearchByKPACID" classname="com.auros.basic.VerifySearchByKPACIDTest" time="13.043">
    <failure message="The searched K-PAC is not exist. Throwing a warning growl message expected [true] but found [false]" type="java.lang.AssertionError">java.lang.AssertionError: The searched K-PAC is not exist. Throwing a warning growl message expected [true] but found [false]
	at com.auros.basic.VerifySearchByKPACIDTest.VerifySearchByKPACID(VerifySearchByKPACIDTest.java:46)
</failure>
    <system-out><![CDATA[ On Finish 
]]></system-out>
  </testcase>
  <testcase name="VerifyCoPInHomePage" classname="com.auros.basic.VerifyCoPInHomePageTest" time="13.4"/>
  <testcase name="VerifySearchByACID" classname="com.auros.basic.VerifySearchByACIDTest" time="5.475">
    <failure message="The searched AC is not exist. Throwing a message expected [true] but found [false]" type="java.lang.AssertionError">java.lang.AssertionError: The searched AC is not exist. Throwing a message expected [true] but found [false]
	at com.auros.basic.VerifySearchByACIDTest.VerifySearchByACID(VerifySearchByACIDTest.java:51)
</failure>
    <system-out><![CDATA[ On Finish 
Assessment 10000 does not exist
]]></system-out>
    <system-err><![CDATA[Starting ChromeDriver 102.0.5005.61 (0e59bcc00cc4985ce39ad31c150065f159d95ad3-refs/branch-heads/5005@{#819}) on port 33671
Only local connections are allowed.
Please see https://chromedriver.chromium.org/security-considerations for suggestions on keeping ChromeDriver safe.
ChromeDriver was started successfully.
Jun 23, 2022 10:16:01 PM org.openqa.selenium.remote.ProtocolHandshake createSession
INFO: Detected dialect: W3C
]]></system-err>
  </testcase>
  <testcase name="VerifySearchByIssueID" classname="com.auros.basic.VerifySearchByIssueIDTest" time="23.242">
    <failure message="The searched Issue is not exist. Throwing a message expected [true] but found [false]" type="java.lang.AssertionError">java.lang.AssertionError: The searched Issue is not exist. Throwing a message expected [true] but found [false]
	at com.auros.basic.VerifySearchByIssueIDTest.VerifySearchByIssueID(VerifySearchByIssueIDTest.java:50)
</failure>
    <system-out><![CDATA[ On Finish 
Issue 10000 does not exist.
]]></system-out>
    <system-err><![CDATA[java.lang.IllegalAccessException: class com.auros.utils.ListenerManager cannot access a member of class com.auros.basic.VerifySearchByACIDTest with modifiers "protected"
	at java.base/jdk.internal.reflect.Reflection.newIllegalAccessException(Reflection.java:361)
	at java.base/java.lang.reflect.AccessibleObject.checkAccess(AccessibleObject.java:591)
	at java.base/java.lang.reflect.Field.checkAccess(Field.java:1075)
	at java.base/java.lang.reflect.Field.get(Field.java:416)
	at com.auros.utils.ListenerManager.onTestFailure(ListenerManager.java:78)
	at org.testng.internal.TestListenerHelper.runTestListeners(TestListenerHelper.java:96)
	at org.testng.internal.TestInvoker.runTestResultListener(TestInvoker.java:220)
	at org.testng.internal.TestInvoker.invokeMethod(TestInvoker.java:657)
	at org.testng.internal.TestInvoker.invokeTestMethod(TestInvoker.java:174)
	at org.testng.internal.MethodRunner.runInSequence(MethodRunner.java:46)
	at org.testng.internal.TestInvoker$MethodInvocationAgent.invoke(TestInvoker.java:822)
	at org.testng.internal.TestInvoker.invokeTestMethods(TestInvoker.java:147)
	at org.testng.internal.TestMethodWorker.invokeTestMethods(TestMethodWorker.java:146)
	at org.testng.internal.TestMethodWorker.run(TestMethodWorker.java:128)
	at java.base/java.util.ArrayList.forEach(ArrayList.java:1541)
	at org.testng.TestRunner.privateRun(TestRunner.java:764)
	at org.testng.TestRunner.run(TestRunner.java:585)
	at org.testng.SuiteRunner.runTest(SuiteRunner.java:384)
	at org.testng.SuiteRunner.access$000(SuiteRunner.java:28)
	at org.testng.SuiteRunner$SuiteWorker.run(SuiteRunner.java:425)
	at org.testng.internal.thread.ThreadUtil.lambda$execute$0(ThreadUtil.java:66)
	at java.base/java.util.concurrent.FutureTask.run(FutureTask.java:264)
	at java.base/java.util.concurrent.ThreadPoolExecutor.runWorker(ThreadPoolExecutor.java:1128)
	at java.base/java.util.concurrent.ThreadPoolExecutor$Worker.run(ThreadPoolExecutor.java:628)
	at java.base/java.lang.Thread.run(Thread.java:834)
]]></system-err>
  </testcase>
</testsuite>